{"/Users/pascamarius/workspace/marius-03.03.2022/components/Button.tsx": {"path":"/Users/pascamarius/workspace/marius-03.03.2022/components/Button.tsx","statementMap":{"0":{"start":{"line":8,"column":85},"end":{"line":8,"column":90}},"1":{"start":{"line":9,"column":18},"end":{"line":9,"column":77}},"2":{"start":{"line":11,"column":4},"end":{"line":13,"column":24}},"3":{"start":{"line":16,"column":15},"end":{"line":28,"column":2}}},"fnMap":{"0":{"name":"Button","decl":{"start":{"line":7,"column":16},"end":{"line":7,"column":22}},"loc":{"start":{"line":7,"column":43},"end":{"line":14,"column":1}},"line":7}},"branchMap":{"0":{"loc":{"start":{"line":8,"column":26},"end":{"line":8,"column":42}},"type":"default-arg","locations":[{"start":{"line":8,"column":33},"end":{"line":8,"column":42}}],"line":8}},"s":{"0":2,"1":2,"2":2,"3":5},"f":{"0":2},"b":{"0":[1]},"_coverageSchema":"1a1c01bbd47fc00a2c39e90264f33305004495a9","hash":"31afb7c366b44c397c2a32613de2ada0ea5eae62"}
,"/Users/pascamarius/workspace/marius-03.03.2022/components/Dropdown.tsx": {"path":"/Users/pascamarius/workspace/marius-03.03.2022/components/Dropdown.tsx","statementMap":{"0":{"start":{"line":18,"column":44},"end":{"line":55,"column":1}},"1":{"start":{"line":19,"column":21},"end":{"line":19,"column":40}},"2":{"start":{"line":20,"column":17},"end":{"line":20,"column":43}},"3":{"start":{"line":21,"column":18},"end":{"line":21,"column":40}},"4":{"start":{"line":23,"column":17},"end":{"line":25,"column":5}},"5":{"start":{"line":24,"column":8},"end":{"line":24,"column":33}},"6":{"start":{"line":27,"column":18},"end":{"line":29,"column":5}},"7":{"start":{"line":28,"column":8},"end":{"line":28,"column":34}},"8":{"start":{"line":31,"column":21},"end":{"line":34,"column":5}},"9":{"start":{"line":32,"column":8},"end":{"line":32,"column":24}},"10":{"start":{"line":33,"column":8},"end":{"line":33,"column":16}},"11":{"start":{"line":36,"column":4},"end":{"line":54,"column":5}},"12":{"start":{"line":50,"column":24},"end":{"line":50,"column":100}},"13":{"start":{"line":57,"column":15},"end":{"line":77,"column":2}}},"fnMap":{"0":{"name":"(anonymous_0)","decl":{"start":{"line":18,"column":44},"end":{"line":18,"column":45}},"loc":{"start":{"line":18,"column":85},"end":{"line":55,"column":1}},"line":18},"1":{"name":"(anonymous_1)","decl":{"start":{"line":23,"column":17},"end":{"line":23,"column":18}},"loc":{"start":{"line":23,"column":23},"end":{"line":25,"column":5}},"line":23},"2":{"name":"(anonymous_2)","decl":{"start":{"line":27,"column":18},"end":{"line":27,"column":19}},"loc":{"start":{"line":27,"column":24},"end":{"line":29,"column":5}},"line":27},"3":{"name":"(anonymous_3)","decl":{"start":{"line":31,"column":21},"end":{"line":31,"column":22}},"loc":{"start":{"line":31,"column":40},"end":{"line":34,"column":5}},"line":31},"4":{"name":"(anonymous_4)","decl":{"start":{"line":49,"column":33},"end":{"line":49,"column":34}},"loc":{"start":{"line":50,"column":24},"end":{"line":50,"column":100}},"line":50}},"branchMap":{},"s":{"0":5,"1":0,"2":0,"3":0,"4":0,"5":0,"6":0,"7":0,"8":0,"9":0,"10":0,"11":0,"12":0,"13":5},"f":{"0":0,"1":0,"2":0,"3":0,"4":0},"b":{},"_coverageSchema":"1a1c01bbd47fc00a2c39e90264f33305004495a9","hash":"071ba5b19c966034c89a5f8bff95a7adb05bf9a3"}
,"/Users/pascamarius/workspace/marius-03.03.2022/components/Text.tsx": {"path":"/Users/pascamarius/workspace/marius-03.03.2022/components/Text.tsx","statementMap":{"0":{"start":{"line":7,"column":70},"end":{"line":7,"column":75}},"1":{"start":{"line":8,"column":16},"end":{"line":8,"column":77}},"2":{"start":{"line":10,"column":2},"end":{"line":10,"column":80}}},"fnMap":{"0":{"name":"Text","decl":{"start":{"line":6,"column":16},"end":{"line":6,"column":20}},"loc":{"start":{"line":6,"column":39},"end":{"line":11,"column":1}},"line":6}},"branchMap":{},"s":{"0":22,"1":22,"2":22},"f":{"0":22},"b":{},"_coverageSchema":"1a1c01bbd47fc00a2c39e90264f33305004495a9","hash":"81c8340467cfa86b4776093d98e82e365cb60432"}
,"/Users/pascamarius/workspace/marius-03.03.2022/components/Themed.tsx": {"path":"/Users/pascamarius/workspace/marius-03.03.2022/components/Themed.tsx","statementMap":{"0":{"start":{"line":8,"column":16},"end":{"line":8,"column":32}},"1":{"start":{"line":9,"column":25},"end":{"line":9,"column":39}},"2":{"start":{"line":11,"column":2},"end":{"line":15,"column":3}},"3":{"start":{"line":12,"column":4},"end":{"line":12,"column":26}},"4":{"start":{"line":14,"column":4},"end":{"line":14,"column":36}}},"fnMap":{"0":{"name":"useThemeColor","decl":{"start":{"line":4,"column":16},"end":{"line":4,"column":29}},"loc":{"start":{"line":7,"column":2},"end":{"line":16,"column":1}},"line":7}},"branchMap":{"0":{"loc":{"start":{"line":11,"column":2},"end":{"line":15,"column":3}},"type":"if","locations":[{"start":{"line":11,"column":2},"end":{"line":15,"column":3}},{"start":{"line":13,"column":9},"end":{"line":15,"column":3}}],"line":11}},"s":{"0":46,"1":46,"2":46,"3":0,"4":46},"f":{"0":46},"b":{"0":[0,46]},"_coverageSchema":"1a1c01bbd47fc00a2c39e90264f33305004495a9","hash":"b51cd96603c7981138e3f525afb9c80f9c223fd8"}
,"/Users/pascamarius/workspace/marius-03.03.2022/components/View.tsx": {"path":"/Users/pascamarius/workspace/marius-03.03.2022/components/View.tsx","statementMap":{"0":{"start":{"line":7,"column":60},"end":{"line":7,"column":65}},"1":{"start":{"line":8,"column":28},"end":{"line":8,"column":95}},"2":{"start":{"line":10,"column":4},"end":{"line":10,"column":80}}},"fnMap":{"0":{"name":"View","decl":{"start":{"line":6,"column":16},"end":{"line":6,"column":20}},"loc":{"start":{"line":6,"column":39},"end":{"line":11,"column":1}},"line":6}},"branchMap":{},"s":{"0":16,"1":16,"2":16},"f":{"0":16},"b":{},"_coverageSchema":"1a1c01bbd47fc00a2c39e90264f33305004495a9","hash":"895821b1b55b3ba4f544e5d70d401e5afcd908b8"}
,"/Users/pascamarius/workspace/marius-03.03.2022/components/index.tsx": {"path":"/Users/pascamarius/workspace/marius-03.03.2022/components/index.tsx","statementMap":{},"fnMap":{},"branchMap":{},"s":{},"f":{},"b":{},"_coverageSchema":"1a1c01bbd47fc00a2c39e90264f33305004495a9","hash":"496a43ac0f69f16bb881e16991b8dd4d0e6577e3"}
,"/Users/pascamarius/workspace/marius-03.03.2022/constants/Colors.ts": {"path":"/Users/pascamarius/workspace/marius-03.03.2022/constants/Colors.ts","statementMap":{},"fnMap":{},"branchMap":{},"s":{},"f":{},"b":{},"_coverageSchema":"1a1c01bbd47fc00a2c39e90264f33305004495a9","hash":"789f95f9c4d64d71e97960c2f6310377c1a1db12"}
,"/Users/pascamarius/workspace/marius-03.03.2022/hooks/useColorScheme.ts": {"path":"/Users/pascamarius/workspace/marius-03.03.2022/hooks/useColorScheme.ts","statementMap":{"0":{"start":{"line":4,"column":2},"end":{"line":4,"column":59}}},"fnMap":{"0":{"name":"useColorScheme","decl":{"start":{"line":3,"column":24},"end":{"line":3,"column":38}},"loc":{"start":{"line":3,"column":71},"end":{"line":5,"column":1}},"line":3}},"branchMap":{},"s":{"0":46},"f":{"0":46},"b":{},"_coverageSchema":"1a1c01bbd47fc00a2c39e90264f33305004495a9","hash":"bd303223e20b1fb022e855e86d142febaad478b4"}
,"/Users/pascamarius/workspace/marius-03.03.2022/hooks/useWebSockets.ts": {"path":"/Users/pascamarius/workspace/marius-03.03.2022/hooks/useWebSockets.ts","statementMap":{"0":{"start":{"line":4,"column":28},"end":{"line":4,"column":41}},"1":{"start":{"line":5,"column":28},"end":{"line":5,"column":52}},"2":{"start":{"line":6,"column":32},"end":{"line":6,"column":112}},"3":{"start":{"line":8,"column":20},"end":{"line":8,"column":37}},"4":{"start":{"line":9,"column":18},"end":{"line":15,"column":5}},"5":{"start":{"line":10,"column":8},"end":{"line":12,"column":9}},"6":{"start":{"line":11,"column":12},"end":{"line":11,"column":39}},"7":{"start":{"line":14,"column":8},"end":{"line":14,"column":24}},"8":{"start":{"line":17,"column":16},"end":{"line":17,"column":40}},"9":{"start":{"line":19,"column":4},"end":{"line":47,"column":23}},"10":{"start":{"line":20,"column":8},"end":{"line":46,"column":9}},"11":{"start":{"line":21,"column":12},"end":{"line":21,"column":28}},"12":{"start":{"line":23,"column":30},"end":{"line":23,"column":48}},"13":{"start":{"line":25,"column":12},"end":{"line":27,"column":13}},"14":{"start":{"line":26,"column":16},"end":{"line":26,"column":49}},"15":{"start":{"line":29,"column":12},"end":{"line":31,"column":13}},"16":{"start":{"line":30,"column":16},"end":{"line":30,"column":40}},"17":{"start":{"line":33,"column":12},"end":{"line":35,"column":13}},"18":{"start":{"line":34,"column":16},"end":{"line":34,"column":46}},"19":{"start":{"line":37,"column":12},"end":{"line":43,"column":14}},"20":{"start":{"line":38,"column":16},"end":{"line":38,"column":51}},"21":{"start":{"line":39,"column":16},"end":{"line":39,"column":34}},"22":{"start":{"line":41,"column":16},"end":{"line":41,"column":37}},"23":{"start":{"line":42,"column":16},"end":{"line":42,"column":32}},"24":{"start":{"line":45,"column":12},"end":{"line":45,"column":47}},"25":{"start":{"line":50,"column":31},"end":{"line":52,"column":5}},"26":{"start":{"line":51,"column":8},"end":{"line":51,"column":46}},"27":{"start":{"line":54,"column":23},"end":{"line":56,"column":5}},"28":{"start":{"line":55,"column":8},"end":{"line":55,"column":23}},"29":{"start":{"line":58,"column":4},"end":{"line":58,"column":52}}},"fnMap":{"0":{"name":"useWebSockets","decl":{"start":{"line":3,"column":24},"end":{"line":3,"column":37}},"loc":{"start":{"line":3,"column":94},"end":{"line":59,"column":1}},"line":3},"1":{"name":"(anonymous_1)","decl":{"start":{"line":9,"column":18},"end":{"line":9,"column":19}},"loc":{"start":{"line":9,"column":24},"end":{"line":15,"column":5}},"line":9},"2":{"name":"(anonymous_2)","decl":{"start":{"line":19,"column":14},"end":{"line":19,"column":15}},"loc":{"start":{"line":19,"column":20},"end":{"line":47,"column":5}},"line":19},"3":{"name":"(anonymous_3)","decl":{"start":{"line":25,"column":31},"end":{"line":25,"column":32}},"loc":{"start":{"line":25,"column":37},"end":{"line":27,"column":13}},"line":25},"4":{"name":"(anonymous_4)","decl":{"start":{"line":29,"column":34},"end":{"line":29,"column":35}},"loc":{"start":{"line":29,"column":45},"end":{"line":31,"column":13}},"line":29},"5":{"name":"(anonymous_5)","decl":{"start":{"line":33,"column":32},"end":{"line":33,"column":33}},"loc":{"start":{"line":33,"column":43},"end":{"line":35,"column":13}},"line":33},"6":{"name":"(anonymous_6)","decl":{"start":{"line":37,"column":19},"end":{"line":37,"column":20}},"loc":{"start":{"line":37,"column":25},"end":{"line":43,"column":13}},"line":37},"7":{"name":"(anonymous_7)","decl":{"start":{"line":50,"column":31},"end":{"line":50,"column":32}},"loc":{"start":{"line":50,"column":75},"end":{"line":52,"column":5}},"line":50},"8":{"name":"(anonymous_8)","decl":{"start":{"line":54,"column":23},"end":{"line":54,"column":24}},"loc":{"start":{"line":54,"column":43},"end":{"line":56,"column":5}},"line":54}},"branchMap":{"0":{"loc":{"start":{"line":20,"column":8},"end":{"line":46,"column":9}},"type":"if","locations":[{"start":{"line":20,"column":8},"end":{"line":46,"column":9}},{"start":{"line":44,"column":15},"end":{"line":46,"column":9}}],"line":20}},"s":{"0":0,"1":0,"2":0,"3":0,"4":0,"5":0,"6":0,"7":0,"8":0,"9":0,"10":0,"11":0,"12":0,"13":0,"14":0,"15":0,"16":0,"17":0,"18":0,"19":0,"20":0,"21":0,"22":0,"23":0,"24":0,"25":0,"26":0,"27":0,"28":0,"29":0},"f":{"0":0,"1":0,"2":0,"3":0,"4":0,"5":0,"6":0,"7":0,"8":0},"b":{"0":[0,0]},"_coverageSchema":"1a1c01bbd47fc00a2c39e90264f33305004495a9","hash":"908af41933882306acb594a7b38068422486459d"}
,"/Users/pascamarius/workspace/marius-03.03.2022/screens/MainScreen.tsx": {"path":"/Users/pascamarius/workspace/marius-03.03.2022/screens/MainScreen.tsx","statementMap":{"0":{"start":{"line":20,"column":28},"end":{"line":20,"column":41}},"1":{"start":{"line":21,"column":30},"end":{"line":21,"column":45}},"2":{"start":{"line":22,"column":30},"end":{"line":22,"column":59}},"3":{"start":{"line":23,"column":21},"end":{"line":23,"column":46}},"4":{"start":{"line":25,"column":22},"end":{"line":34,"column":3}},"5":{"start":{"line":26,"column":4},"end":{"line":26,"column":25}},"6":{"start":{"line":27,"column":4},"end":{"line":31,"column":5}},"7":{"start":{"line":28,"column":6},"end":{"line":28,"column":20}},"8":{"start":{"line":30,"column":6},"end":{"line":30,"column":21}},"9":{"start":{"line":33,"column":4},"end":{"line":33,"column":36}},"10":{"start":{"line":36,"column":23},"end":{"line":44,"column":3}},"11":{"start":{"line":37,"column":4},"end":{"line":37,"column":25}},"12":{"start":{"line":39,"column":4},"end":{"line":43,"column":5}},"13":{"start":{"line":40,"column":6},"end":{"line":40,"column":24}},"14":{"start":{"line":42,"column":6},"end":{"line":42,"column":25}},"15":{"start":{"line":46,"column":57},"end":{"line":46,"column":100}},"16":{"start":{"line":47,"column":57},"end":{"line":47,"column":100}},"17":{"start":{"line":49,"column":19},"end":{"line":49,"column":43}},"18":{"start":{"line":51,"column":2},"end":{"line":59,"column":4}},"19":{"start":{"line":62,"column":29},"end":{"line":97,"column":1}},"20":{"start":{"line":63,"column":2},"end":{"line":65,"column":3}},"21":{"start":{"line":64,"column":4},"end":{"line":64,"column":54}},"22":{"start":{"line":67,"column":16},"end":{"line":82,"column":14}},"23":{"start":{"line":68,"column":4},"end":{"line":79,"column":5}},"24":{"start":{"line":69,"column":25},"end":{"line":69,"column":95}},"25":{"start":{"line":69,"column":54},"end":{"line":69,"column":94}},"26":{"start":{"line":70,"column":6},"end":{"line":78,"column":7}},"27":{"start":{"line":71,"column":8},"end":{"line":75,"column":9}},"28":{"start":{"line":77,"column":8},"end":{"line":77,"column":49}},"29":{"start":{"line":81,"column":4},"end":{"line":81,"column":15}},"30":{"start":{"line":84,"column":12},"end":{"line":84,"column":13}},"31":{"start":{"line":85,"column":12},"end":{"line":85,"column":35}},"32":{"start":{"line":86,"column":17},"end":{"line":86,"column":18}},"33":{"start":{"line":87,"column":21},"end":{"line":87,"column":85}},"34":{"start":{"line":87,"column":55},"end":{"line":87,"column":84}},"35":{"start":{"line":88,"column":2},"end":{"line":94,"column":5}},"36":{"start":{"line":89,"column":20},"end":{"line":89,"column":53}},"37":{"start":{"line":90,"column":4},"end":{"line":90,"column":94}},"38":{"start":{"line":91,"column":4},"end":{"line":91,"column":64}},"39":{"start":{"line":92,"column":4},"end":{"line":92,"column":54}},"40":{"start":{"line":93,"column":4},"end":{"line":93,"column":54}},"41":{"start":{"line":96,"column":2},"end":{"line":96,"column":39}},"42":{"start":{"line":99,"column":15},"end":{"line":103,"column":2}}},"fnMap":{"0":{"name":"MainScreen","decl":{"start":{"line":19,"column":24},"end":{"line":19,"column":34}},"loc":{"start":{"line":19,"column":37},"end":{"line":60,"column":1}},"line":19},"1":{"name":"(anonymous_1)","decl":{"start":{"line":25,"column":22},"end":{"line":25,"column":23}},"loc":{"start":{"line":25,"column":45},"end":{"line":34,"column":3}},"line":25},"2":{"name":"(anonymous_2)","decl":{"start":{"line":36,"column":23},"end":{"line":36,"column":24}},"loc":{"start":{"line":36,"column":47},"end":{"line":44,"column":3}},"line":36},"3":{"name":"(anonymous_3)","decl":{"start":{"line":62,"column":29},"end":{"line":62,"column":30}},"loc":{"start":{"line":62,"column":109},"end":{"line":97,"column":1}},"line":62},"4":{"name":"(anonymous_4)","decl":{"start":{"line":67,"column":30},"end":{"line":67,"column":31}},"loc":{"start":{"line":67,"column":62},"end":{"line":82,"column":3}},"line":67},"5":{"name":"(anonymous_5)","decl":{"start":{"line":69,"column":47},"end":{"line":69,"column":48}},"loc":{"start":{"line":69,"column":54},"end":{"line":69,"column":94}},"line":69},"6":{"name":"(anonymous_6)","decl":{"start":{"line":87,"column":45},"end":{"line":87,"column":46}},"loc":{"start":{"line":87,"column":55},"end":{"line":87,"column":84}},"line":87},"7":{"name":"(anonymous_7)","decl":{"start":{"line":88,"column":17},"end":{"line":88,"column":18}},"loc":{"start":{"line":88,"column":33},"end":{"line":94,"column":3}},"line":88}},"branchMap":{"0":{"loc":{"start":{"line":27,"column":4},"end":{"line":31,"column":5}},"type":"if","locations":[{"start":{"line":27,"column":4},"end":{"line":31,"column":5}},{"start":{"line":29,"column":11},"end":{"line":31,"column":5}}],"line":27},"1":{"loc":{"start":{"line":39,"column":4},"end":{"line":43,"column":5}},"type":"if","locations":[{"start":{"line":39,"column":4},"end":{"line":43,"column":5}},{"start":{"line":41,"column":11},"end":{"line":43,"column":5}}],"line":39},"2":{"loc":{"start":{"line":63,"column":2},"end":{"line":65,"column":3}},"type":"if","locations":[{"start":{"line":63,"column":2},"end":{"line":65,"column":3}},{"start":{},"end":{}}],"line":63},"3":{"loc":{"start":{"line":67,"column":16},"end":{"line":82,"column":14}},"type":"binary-expr","locations":[{"start":{"line":67,"column":16},"end":{"line":82,"column":8}},{"start":{"line":82,"column":12},"end":{"line":82,"column":14}}],"line":67},"4":{"loc":{"start":{"line":68,"column":4},"end":{"line":79,"column":5}},"type":"if","locations":[{"start":{"line":68,"column":4},"end":{"line":79,"column":5}},{"start":{},"end":{}}],"line":68},"5":{"loc":{"start":{"line":70,"column":6},"end":{"line":78,"column":7}},"type":"if","locations":[{"start":{"line":70,"column":6},"end":{"line":78,"column":7}},{"start":{"line":76,"column":13},"end":{"line":78,"column":7}}],"line":70},"6":{"loc":{"start":{"line":90,"column":66},"end":{"line":90,"column":92}},"type":"binary-expr","locations":[{"start":{"line":90,"column":66},"end":{"line":90,"column":87}},{"start":{"line":90,"column":91},"end":{"line":90,"column":92}}],"line":90}},"s":{"0":0,"1":0,"2":0,"3":0,"4":0,"5":0,"6":0,"7":0,"8":0,"9":0,"10":0,"11":0,"12":0,"13":0,"14":0,"15":0,"16":0,"17":0,"18":0,"19":1,"20":2,"21":0,"22":2,"23":10,"24":10,"25":17,"26":10,"27":7,"28":3,"29":10,"30":2,"31":2,"32":2,"33":2,"34":5,"35":2,"36":7,"37":7,"38":7,"39":7,"40":7,"41":2,"42":1},"f":{"0":0,"1":0,"2":0,"3":2,"4":10,"5":17,"6":5,"7":7},"b":{"0":[0,0],"1":[0,0],"2":[0,2],"3":[2,0],"4":[10,0],"5":[7,3],"6":[7,2]},"_coverageSchema":"1a1c01bbd47fc00a2c39e90264f33305004495a9","hash":"639d2c0cf33a0026da906ca1ff60bbadf9c8f11d"}
,"/Users/pascamarius/workspace/marius-03.03.2022/screens/book/Actions.tsx": {"path":"/Users/pascamarius/workspace/marius-03.03.2022/screens/book/Actions.tsx","statementMap":{"0":{"start":{"line":13,"column":34},"end":{"line":29,"column":1}},"1":{"start":{"line":15,"column":23},"end":{"line":17,"column":5}},"2":{"start":{"line":16,"column":8},"end":{"line":16,"column":70}},"3":{"start":{"line":19,"column":21},"end":{"line":21,"column":5}},"4":{"start":{"line":20,"column":8},"end":{"line":20,"column":27}},"5":{"start":{"line":23,"column":4},"end":{"line":28,"column":6}},"6":{"start":{"line":33,"column":15},"end":{"line":42,"column":2}}},"fnMap":{"0":{"name":"(anonymous_0)","decl":{"start":{"line":13,"column":34},"end":{"line":13,"column":35}},"loc":{"start":{"line":13,"column":80},"end":{"line":29,"column":1}},"line":13},"1":{"name":"(anonymous_1)","decl":{"start":{"line":15,"column":23},"end":{"line":15,"column":24}},"loc":{"start":{"line":15,"column":29},"end":{"line":17,"column":5}},"line":15},"2":{"name":"(anonymous_2)","decl":{"start":{"line":19,"column":21},"end":{"line":19,"column":22}},"loc":{"start":{"line":19,"column":27},"end":{"line":21,"column":5}},"line":19}},"branchMap":{"0":{"loc":{"start":{"line":16,"column":18},"end":{"line":16,"column":68}},"type":"cond-expr","locations":[{"start":{"line":16,"column":43},"end":{"line":16,"column":54}},{"start":{"line":16,"column":57},"end":{"line":16,"column":68}}],"line":16}},"s":{"0":2,"1":1,"2":0,"3":1,"4":0,"5":1,"6":2},"f":{"0":1,"1":0,"2":0},"b":{"0":[0,0]},"_coverageSchema":"1a1c01bbd47fc00a2c39e90264f33305004495a9","hash":"e0a1a151fe1a0a95fb54fb444f90d0ea96536da7"}
,"/Users/pascamarius/workspace/marius-03.03.2022/screens/book/Asks.tsx": {"path":"/Users/pascamarius/workspace/marius-03.03.2022/screens/book/Asks.tsx","statementMap":{"0":{"start":{"line":11,"column":28},"end":{"line":31,"column":1}},"1":{"start":{"line":12,"column":21},"end":{"line":12,"column":41}},"2":{"start":{"line":13,"column":21},"end":{"line":13,"column":41}},"3":{"start":{"line":14,"column":23},"end":{"line":14,"column":45}},"4":{"start":{"line":15,"column":24},"end":{"line":15,"column":100}},"5":{"start":{"line":15,"column":57},"end":{"line":15,"column":86}},"6":{"start":{"line":17,"column":4},"end":{"line":30,"column":6}},"7":{"start":{"line":20,"column":28},"end":{"line":20,"column":49}},"8":{"start":{"line":21,"column":30},"end":{"line":21,"column":58}},"9":{"start":{"line":22,"column":16},"end":{"line":27,"column":23}},"10":{"start":{"line":35,"column":15},"end":{"line":52,"column":2}}},"fnMap":{"0":{"name":"(anonymous_0)","decl":{"start":{"line":11,"column":28},"end":{"line":11,"column":29}},"loc":{"start":{"line":11,"column":52},"end":{"line":31,"column":1}},"line":11},"1":{"name":"(anonymous_1)","decl":{"start":{"line":15,"column":47},"end":{"line":15,"column":48}},"loc":{"start":{"line":15,"column":57},"end":{"line":15,"column":86}},"line":15},"2":{"name":"(anonymous_2)","decl":{"start":{"line":19,"column":29},"end":{"line":19,"column":30}},"loc":{"start":{"line":19,"column":38},"end":{"line":28,"column":13}},"line":19}},"branchMap":{},"s":{"0":2,"1":1,"2":1,"3":1,"4":1,"5":2,"6":1,"7":3,"8":3,"9":3,"10":2},"f":{"0":1,"1":2,"2":3},"b":{},"_coverageSchema":"1a1c01bbd47fc00a2c39e90264f33305004495a9","hash":"d3002cdbeabe2991b5bb751c717ba3f9d6d9d863"}
,"/Users/pascamarius/workspace/marius-03.03.2022/screens/book/Bids.tsx": {"path":"/Users/pascamarius/workspace/marius-03.03.2022/screens/book/Bids.tsx","statementMap":{"0":{"start":{"line":11,"column":28},"end":{"line":31,"column":1}},"1":{"start":{"line":12,"column":21},"end":{"line":12,"column":41}},"2":{"start":{"line":13,"column":23},"end":{"line":13,"column":45}},"3":{"start":{"line":14,"column":23},"end":{"line":14,"column":45}},"4":{"start":{"line":15,"column":24},"end":{"line":15,"column":98}},"5":{"start":{"line":15,"column":57},"end":{"line":15,"column":86}},"6":{"start":{"line":17,"column":4},"end":{"line":30,"column":6}},"7":{"start":{"line":20,"column":28},"end":{"line":20,"column":49}},"8":{"start":{"line":21,"column":30},"end":{"line":21,"column":58}},"9":{"start":{"line":22,"column":16},"end":{"line":27,"column":23}},"10":{"start":{"line":35,"column":15},"end":{"line":52,"column":2}}},"fnMap":{"0":{"name":"(anonymous_0)","decl":{"start":{"line":11,"column":28},"end":{"line":11,"column":29}},"loc":{"start":{"line":11,"column":52},"end":{"line":31,"column":1}},"line":11},"1":{"name":"(anonymous_1)","decl":{"start":{"line":15,"column":47},"end":{"line":15,"column":48}},"loc":{"start":{"line":15,"column":57},"end":{"line":15,"column":86}},"line":15},"2":{"name":"(anonymous_2)","decl":{"start":{"line":19,"column":29},"end":{"line":19,"column":30}},"loc":{"start":{"line":19,"column":38},"end":{"line":28,"column":13}},"line":19}},"branchMap":{},"s":{"0":2,"1":1,"2":1,"3":1,"4":1,"5":2,"6":1,"7":3,"8":3,"9":3,"10":2},"f":{"0":1,"1":2,"2":3},"b":{},"_coverageSchema":"1a1c01bbd47fc00a2c39e90264f33305004495a9","hash":"35b00a904a9791d69b46bb66bb1af872522b84a9"}
,"/Users/pascamarius/workspace/marius-03.03.2022/screens/book/Header.tsx": {"path":"/Users/pascamarius/workspace/marius-03.03.2022/screens/book/Header.tsx","statementMap":{"0":{"start":{"line":12,"column":32},"end":{"line":43,"column":1}},"1":{"start":{"line":14,"column":17},"end":{"line":14,"column":43}},"2":{"start":{"line":16,"column":24},"end":{"line":18,"column":5}},"3":{"start":{"line":17,"column":8},"end":{"line":17,"column":39}},"4":{"start":{"line":20,"column":20},"end":{"line":28,"column":5}},"5":{"start":{"line":30,"column":4},"end":{"line":42,"column":6}},"6":{"start":{"line":47,"column":15},"end":{"line":81,"column":2}}},"fnMap":{"0":{"name":"(anonymous_0)","decl":{"start":{"line":12,"column":32},"end":{"line":12,"column":33}},"loc":{"start":{"line":12,"column":68},"end":{"line":43,"column":1}},"line":12},"1":{"name":"(anonymous_1)","decl":{"start":{"line":16,"column":24},"end":{"line":16,"column":25}},"loc":{"start":{"line":16,"column":43},"end":{"line":18,"column":5}},"line":16}},"branchMap":{"0":{"loc":{"start":{"line":20,"column":20},"end":{"line":28,"column":5}},"type":"cond-expr","locations":[{"start":{"line":20,"column":45},"end":{"line":24,"column":5}},{"start":{"line":24,"column":8},"end":{"line":28,"column":5}}],"line":20}},"s":{"0":1,"1":0,"2":0,"3":0,"4":0,"5":0,"6":1},"f":{"0":0,"1":0},"b":{"0":[0,0]},"_coverageSchema":"1a1c01bbd47fc00a2c39e90264f33305004495a9","hash":"5cbe2f5a50d000e1da1ac067f15774e51cc29667"}
,"/Users/pascamarius/workspace/marius-03.03.2022/screens/book/Spread.tsx": {"path":"/Users/pascamarius/workspace/marius-03.03.2022/screens/book/Spread.tsx","statementMap":{"0":{"start":{"line":10,"column":32},"end":{"line":19,"column":1}},"1":{"start":{"line":11,"column":19},"end":{"line":11,"column":85}},"2":{"start":{"line":12,"column":23},"end":{"line":12,"column":77}},"3":{"start":{"line":13,"column":4},"end":{"line":18,"column":6}},"4":{"start":{"line":23,"column":15},"end":{"line":37,"column":2}}},"fnMap":{"0":{"name":"(anonymous_0)","decl":{"start":{"line":10,"column":32},"end":{"line":10,"column":33}},"loc":{"start":{"line":10,"column":56},"end":{"line":19,"column":1}},"line":10}},"branchMap":{"0":{"loc":{"start":{"line":11,"column":19},"end":{"line":11,"column":85}},"type":"cond-expr","locations":[{"start":{"line":11,"column":42},"end":{"line":11,"column":43}},{"start":{"line":11,"column":46},"end":{"line":11,"column":85}}],"line":11},"1":{"loc":{"start":{"line":11,"column":20},"end":{"line":11,"column":38}},"type":"binary-expr","locations":[{"start":{"line":11,"column":20},"end":{"line":11,"column":27}},{"start":{"line":11,"column":31},"end":{"line":11,"column":38}}],"line":11},"2":{"loc":{"start":{"line":12,"column":51},"end":{"line":12,"column":62}},"type":"binary-expr","locations":[{"start":{"line":12,"column":51},"end":{"line":12,"column":57}},{"start":{"line":12,"column":61},"end":{"line":12,"column":62}}],"line":12}},"s":{"0":2,"1":1,"2":1,"3":1,"4":2},"f":{"0":1},"b":{"0":[0,1],"1":[1,1],"2":[1,0]},"_coverageSchema":"1a1c01bbd47fc00a2c39e90264f33305004495a9","hash":"d4dfbe79d1151e95ac0e31b2b6e7c367bd4b8a7e"}
,"/Users/pascamarius/workspace/marius-03.03.2022/services/ordersData.ts": {"path":"/Users/pascamarius/workspace/marius-03.03.2022/services/ordersData.ts","statementMap":{"0":{"start":{"line":13,"column":12},"end":{"line":13,"column":50}},"1":{"start":{"line":14,"column":18},"end":{"line":14,"column":115}},"2":{"start":{"line":14,"column":38},"end":{"line":14,"column":115}},"3":{"start":{"line":15,"column":20},"end":{"line":15,"column":112}},"4":{"start":{"line":15,"column":40},"end":{"line":15,"column":112}},"5":{"start":{"line":18,"column":48},"end":{"line":18,"column":77}},"6":{"start":{"line":19,"column":22},"end":{"line":19,"column":92}},"7":{"start":{"line":21,"column":22},"end":{"line":24,"column":5}},"8":{"start":{"line":22,"column":8},"end":{"line":22,"column":34}},"9":{"start":{"line":23,"column":8},"end":{"line":23,"column":85}},"10":{"start":{"line":26,"column":20},"end":{"line":28,"column":5}},"11":{"start":{"line":26,"column":40},"end":{"line":28,"column":5}},"12":{"start":{"line":27,"column":8},"end":{"line":27,"column":36}},"13":{"start":{"line":30,"column":4},"end":{"line":30,"column":91}}},"fnMap":{"0":{"name":"(anonymous_0)","decl":{"start":{"line":14,"column":18},"end":{"line":14,"column":19}},"loc":{"start":{"line":14,"column":38},"end":{"line":14,"column":115}},"line":14},"1":{"name":"(anonymous_1)","decl":{"start":{"line":15,"column":20},"end":{"line":15,"column":21}},"loc":{"start":{"line":15,"column":40},"end":{"line":15,"column":112}},"line":15},"2":{"name":"provideMarketData","decl":{"start":{"line":17,"column":16},"end":{"line":17,"column":33}},"loc":{"start":{"line":17,"column":50},"end":{"line":31,"column":1}},"line":17},"3":{"name":"(anonymous_3)","decl":{"start":{"line":21,"column":22},"end":{"line":21,"column":23}},"loc":{"start":{"line":21,"column":42},"end":{"line":24,"column":5}},"line":21},"4":{"name":"(anonymous_4)","decl":{"start":{"line":26,"column":20},"end":{"line":26,"column":21}},"loc":{"start":{"line":26,"column":40},"end":{"line":28,"column":5}},"line":26},"5":{"name":"(anonymous_5)","decl":{"start":{"line":26,"column":40},"end":{"line":26,"column":41}},"loc":{"start":{"line":26,"column":46},"end":{"line":28,"column":5}},"line":26}},"branchMap":{},"s":{"0":1,"1":1,"2":0,"3":1,"4":0,"5":0,"6":0,"7":0,"8":0,"9":0,"10":0,"11":0,"12":0,"13":0},"f":{"0":0,"1":0,"2":0,"3":0,"4":0,"5":0},"b":{},"_coverageSchema":"1a1c01bbd47fc00a2c39e90264f33305004495a9","hash":"3c3dd693c3388a02a90211828fcf5d17919f2f37"}
}
