TN:
SF:components/Button.tsx
FN:7,Button
FNF:1
FNH:1
FNDA:2,Button
DA:8,2
DA:9,2
DA:11,2
DA:16,5
LF:4
LH:4
BRDA:8,0,0,1
BRF:1
BRH:1
end_of_record
TN:
SF:components/Dropdown.tsx
FN:18,(anonymous_0)
FN:23,(anonymous_1)
FN:27,(anonymous_2)
FN:31,(anonymous_3)
FN:49,(anonymous_4)
FNF:5
FNH:0
FNDA:0,(anonymous_0)
FNDA:0,(anonymous_1)
FNDA:0,(anonymous_2)
FNDA:0,(anonymous_3)
FNDA:0,(anonymous_4)
DA:18,5
DA:19,0
DA:20,0
DA:21,0
DA:23,0
DA:24,0
DA:27,0
DA:28,0
DA:31,0
DA:32,0
DA:33,0
DA:36,0
DA:50,0
DA:57,5
LF:14
LH:2
BRF:0
BRH:0
end_of_record
TN:
SF:components/Text.tsx
FN:6,Text
FNF:1
FNH:1
FNDA:22,Text
DA:7,22
DA:8,22
DA:10,22
LF:3
LH:3
BRF:0
BRH:0
end_of_record
TN:
SF:components/Themed.tsx
FN:4,useThemeColor
FNF:1
FNH:1
FNDA:46,useThemeColor
DA:8,46
DA:9,46
DA:11,46
DA:12,0
DA:14,46
LF:5
LH:4
BRDA:11,0,0,0
BRDA:11,0,1,46
BRF:2
BRH:1
end_of_record
TN:
SF:components/View.tsx
FN:6,View
FNF:1
FNH:1
FNDA:16,View
DA:7,16
DA:8,16
DA:10,16
LF:3
LH:3
BRF:0
BRH:0
end_of_record
TN:
SF:components/index.tsx
FNF:0
FNH:0
LF:0
LH:0
BRF:0
BRH:0
end_of_record
TN:
SF:constants/Colors.ts
FNF:0
FNH:0
LF:0
LH:0
BRF:0
BRH:0
end_of_record
TN:
SF:hooks/useColorScheme.ts
FN:3,useColorScheme
FNF:1
FNH:1
FNDA:46,useColorScheme
DA:4,46
LF:1
LH:1
BRF:0
BRH:0
end_of_record
TN:
SF:hooks/useWebSockets.ts
FN:3,useWebSockets
FN:9,(anonymous_1)
FN:19,(anonymous_2)
FN:25,(anonymous_3)
FN:29,(anonymous_4)
FN:33,(anonymous_5)
FN:37,(anonymous_6)
FN:50,(anonymous_7)
FN:54,(anonymous_8)
FNF:9
FNH:0
FNDA:0,useWebSockets
FNDA:0,(anonymous_1)
FNDA:0,(anonymous_2)
FNDA:0,(anonymous_3)
FNDA:0,(anonymous_4)
FNDA:0,(anonymous_5)
FNDA:0,(anonymous_6)
FNDA:0,(anonymous_7)
FNDA:0,(anonymous_8)
DA:4,0
DA:5,0
DA:6,0
DA:8,0
DA:9,0
DA:10,0
DA:11,0
DA:14,0
DA:17,0
DA:19,0
DA:20,0
DA:21,0
DA:23,0
DA:25,0
DA:26,0
DA:29,0
DA:30,0
DA:33,0
DA:34,0
DA:37,0
DA:38,0
DA:39,0
DA:41,0
DA:42,0
DA:45,0
DA:50,0
DA:51,0
DA:54,0
DA:55,0
DA:58,0
LF:30
LH:0
BRDA:20,0,0,0
BRDA:20,0,1,0
BRF:2
BRH:0
end_of_record
TN:
SF:screens/MainScreen.tsx
FN:19,MainScreen
FN:25,(anonymous_1)
FN:36,(anonymous_2)
FN:62,(anonymous_3)
FN:67,(anonymous_4)
FN:69,(anonymous_5)
FN:87,(anonymous_6)
FN:88,(anonymous_7)
FNF:8
FNH:5
FNDA:0,MainScreen
FNDA:0,(anonymous_1)
FNDA:0,(anonymous_2)
FNDA:2,(anonymous_3)
FNDA:10,(anonymous_4)
FNDA:17,(anonymous_5)
FNDA:5,(anonymous_6)
FNDA:7,(anonymous_7)
DA:20,0
DA:21,0
DA:22,0
DA:23,0
DA:25,0
DA:26,0
DA:27,0
DA:28,0
DA:30,0
DA:33,0
DA:36,0
DA:37,0
DA:39,0
DA:40,0
DA:42,0
DA:46,0
DA:47,0
DA:49,0
DA:51,0
DA:62,1
DA:63,2
DA:64,0
DA:67,2
DA:68,10
DA:69,17
DA:70,10
DA:71,7
DA:77,3
DA:81,10
DA:84,2
DA:85,2
DA:86,2
DA:87,5
DA:88,2
DA:89,7
DA:90,7
DA:91,7
DA:92,7
DA:93,7
DA:96,2
DA:99,1
LF:41
LH:21
BRDA:27,0,0,0
BRDA:27,0,1,0
BRDA:39,1,0,0
BRDA:39,1,1,0
BRDA:63,2,0,0
BRDA:63,2,1,2
BRDA:67,3,0,2
BRDA:67,3,1,0
BRDA:68,4,0,10
BRDA:68,4,1,0
BRDA:70,5,0,7
BRDA:70,5,1,3
BRDA:90,6,0,7
BRDA:90,6,1,2
BRF:14
BRH:7
end_of_record
TN:
SF:screens/book/Actions.tsx
FN:13,(anonymous_0)
FN:15,(anonymous_1)
FN:19,(anonymous_2)
FNF:3
FNH:1
FNDA:1,(anonymous_0)
FNDA:0,(anonymous_1)
FNDA:0,(anonymous_2)
DA:13,2
DA:15,1
DA:16,0
DA:19,1
DA:20,0
DA:23,1
DA:33,2
LF:7
LH:5
BRDA:16,0,0,0
BRDA:16,0,1,0
BRF:2
BRH:0
end_of_record
TN:
SF:screens/book/Asks.tsx
FN:11,(anonymous_0)
FN:15,(anonymous_1)
FN:19,(anonymous_2)
FNF:3
FNH:3
FNDA:1,(anonymous_0)
FNDA:2,(anonymous_1)
FNDA:3,(anonymous_2)
DA:11,2
DA:12,1
DA:13,1
DA:14,1
DA:15,2
DA:17,1
DA:20,3
DA:21,3
DA:22,3
DA:35,2
LF:10
LH:10
BRF:0
BRH:0
end_of_record
TN:
SF:screens/book/Bids.tsx
FN:11,(anonymous_0)
FN:15,(anonymous_1)
FN:19,(anonymous_2)
FNF:3
FNH:3
FNDA:1,(anonymous_0)
FNDA:2,(anonymous_1)
FNDA:3,(anonymous_2)
DA:11,2
DA:12,1
DA:13,1
DA:14,1
DA:15,2
DA:17,1
DA:20,3
DA:21,3
DA:22,3
DA:35,2
LF:10
LH:10
BRF:0
BRH:0
end_of_record
TN:
SF:screens/book/Header.tsx
FN:12,(anonymous_0)
FN:16,(anonymous_1)
FNF:2
FNH:0
FNDA:0,(anonymous_0)
FNDA:0,(anonymous_1)
DA:12,1
DA:14,0
DA:16,0
DA:17,0
DA:20,0
DA:30,0
DA:47,1
LF:7
LH:2
BRDA:20,0,0,0
BRDA:20,0,1,0
BRF:2
BRH:0
end_of_record
TN:
SF:screens/book/Spread.tsx
FN:10,(anonymous_0)
FNF:1
FNH:1
FNDA:1,(anonymous_0)
DA:10,2
DA:11,1
DA:12,1
DA:13,1
DA:23,2
LF:5
LH:5
BRDA:11,0,0,0
BRDA:11,0,1,1
BRDA:11,1,0,1
BRDA:11,1,1,1
BRDA:12,2,0,1
BRDA:12,2,1,0
BRF:6
BRH:4
end_of_record
TN:
SF:services/ordersData.ts
FN:14,(anonymous_0)
FN:15,(anonymous_1)
FN:17,provideMarketData
FN:21,(anonymous_3)
FN:26,(anonymous_4)
FN:26,(anonymous_5)
FNF:6
FNH:0
FNDA:0,(anonymous_0)
FNDA:0,(anonymous_1)
FNDA:0,provideMarketData
FNDA:0,(anonymous_3)
FNDA:0,(anonymous_4)
FNDA:0,(anonymous_5)
DA:13,1
DA:14,1
DA:15,1
DA:18,0
DA:19,0
DA:21,0
DA:22,0
DA:23,0
DA:26,0
DA:27,0
DA:30,0
LF:11
LH:3
BRF:0
BRH:0
end_of_record
